<?xml version="1.0" encoding="UTF-8"?>
<testng-results total="1" passed="1" failed="0" skipped="0">
  <reporter-output>
  </reporter-output>
  <suite started-at="2021-05-24T18:44:41Z" name="Default suite" finished-at="2021-05-24T18:44:44Z" duration-ms="2332">
    <groups>
    </groups>
    <test started-at="2021-05-24T18:44:41Z" name="Default test" finished-at="2021-05-24T18:44:44Z" duration-ms="2332">
      <class name="com.LoginTest.Login_test_scenario">
        <test-method signature="loginTest()[pri:0, instance:com.LoginTest.Login_test_scenario@6fa34d52]" started-at="2021-05-25T00:14:41Z" name="loginTest" finished-at="2021-05-25T00:14:44Z" duration-ms="2315" status="PASS">
          <reporter-output>
          </reporter-output>
        </test-method> <!-- loginTest -->
      </class> <!-- com.LoginTest.Login_test_scenario -->
    </test> <!-- Default test -->
  </suite> <!-- Default suite -->
</testng-results>
